[ 2018-02-01T16:50:11+08:00 ] 127.0.0.1 /
INFO: [ app_init ] --START--
INFO: Run Behavior\BuildLiteBehavior [ RunTime:0.000014s ]
INFO: [ app_init ] --END-- [ RunTime:0.001470s ]
INFO: [ app_begin ] --START--
INFO: Run Behavior\ReadHtmlCacheBehavior [ RunTime:0.000611s ]
INFO: [ app_begin ] --END-- [ RunTime:0.000649s ]

[ 2018-02-01T16:50:12+08:00 ] 127.0.0.1 /favicon.ico
INFO: [ app_init ] --START--
INFO: Run Behavior\BuildLiteBehavior [ RunTime:0.000011s ]
INFO: [ app_init ] --END-- [ RunTime:0.000355s ]

[ 2018-02-01T16:50:59+08:00 ] 127.0.0.1 /?key=QHc0Pzww1LIDFeO3
INFO: [ app_init ] --START--
INFO: Run Behavior\BuildLiteBehavior [ RunTime:0.000012s ]
INFO: [ app_init ] --END-- [ RunTime:0.000432s ]
INFO: [ app_begin ] --START--
INFO: Run Behavior\ReadHtmlCacheBehavior [ RunTime:0.000575s ]
INFO: [ app_begin ] --END-- [ RunTime:0.000624s ]
SQL: SHOW COLUMNS FROM `xq_cate` [ RunTime:0.0381s ]
SQL: SELECT * FROM `xq_cate` WHERE `pid` = 0 ORDER BY sort asc,id asc  [ RunTime:0.0034s ]
SQL: SELECT * FROM `xq_cate` WHERE `pid` = 1 ORDER BY sort asc,id asc  [ RunTime:0.0004s ]
SQL: SELECT * FROM `xq_cate` WHERE `pid` = 2 ORDER BY sort asc,id asc  [ RunTime:0.0004s ]
SQL: SELECT * FROM `xq_cate` WHERE `pid` = 3 ORDER BY sort asc,id asc  [ RunTime:0.0007s ]
SQL: SELECT * FROM `xq_cate` WHERE `pid` = 6 ORDER BY sort asc,id asc  [ RunTime:0.0006s ]
SQL: SELECT * FROM `xq_cate` WHERE `pid` = 7 ORDER BY sort asc,id asc  [ RunTime:0.0010s ]
SQL: SELECT * FROM `xq_cate` WHERE `pid` = 8 ORDER BY sort asc,id asc  [ RunTime:0.0008s ]
SQL: SELECT * FROM `xq_cate` WHERE `pid` = 9 ORDER BY sort asc,id asc  [ RunTime:0.0006s ]
SQL: SELECT * FROM `xq_cate` WHERE `pid` = 10 ORDER BY sort asc,id asc  [ RunTime:0.0005s ]
SQL: SELECT * FROM `xq_cate` WHERE `pid` = 11 ORDER BY sort asc,id asc  [ RunTime:0.0014s ]
SQL: SELECT * FROM `xq_cate` WHERE `pid` = 12 ORDER BY sort asc,id asc  [ RunTime:0.0074s ]
SQL: SELECT * FROM `xq_cate` WHERE `pid` = 13 ORDER BY sort asc,id asc  [ RunTime:0.0113s ]
SQL: SELECT * FROM `xq_cate` WHERE `pid` = 14 ORDER BY sort asc,id asc  [ RunTime:0.0008s ]
SQL: SELECT * FROM `xq_cate` WHERE `pid` = 15 ORDER BY sort asc,id asc  [ RunTime:0.0005s ]
SQL: SELECT * FROM `xq_cate` WHERE `pid` = 16 ORDER BY sort asc,id asc  [ RunTime:0.0008s ]
SQL: SELECT `id` FROM `xq_cate` ORDER BY id asc LIMIT 1   [ RunTime:0.0005s ]

[ 2018-02-01T16:50:59+08:00 ] 127.0.0.1 /index/index/index/id/1.html
INFO: [ app_init ] --START--
INFO: Run Behavior\BuildLiteBehavior [ RunTime:0.000011s ]
INFO: [ app_init ] --END-- [ RunTime:0.000396s ]
INFO: [ app_begin ] --START--
INFO: Run Behavior\ReadHtmlCacheBehavior [ RunTime:0.000515s ]
INFO: [ app_begin ] --END-- [ RunTime:0.000549s ]
SQL: SHOW COLUMNS FROM `xq_cate` [ RunTime:0.0113s ]
SQL: SELECT * FROM `xq_cate` WHERE `pid` = 0 ORDER BY sort asc,id asc  [ RunTime:0.0006s ]
SQL: SELECT * FROM `xq_cate` WHERE `pid` = 1 ORDER BY sort asc,id asc  [ RunTime:0.0004s ]
SQL: SELECT * FROM `xq_cate` WHERE `pid` = 2 ORDER BY sort asc,id asc  [ RunTime:0.0004s ]
SQL: SELECT * FROM `xq_cate` WHERE `pid` = 3 ORDER BY sort asc,id asc  [ RunTime:0.0006s ]
SQL: SELECT * FROM `xq_cate` WHERE `pid` = 6 ORDER BY sort asc,id asc  [ RunTime:0.0005s ]
SQL: SELECT * FROM `xq_cate` WHERE `pid` = 7 ORDER BY sort asc,id asc  [ RunTime:0.0004s ]
SQL: SELECT * FROM `xq_cate` WHERE `pid` = 8 ORDER BY sort asc,id asc  [ RunTime:0.0004s ]
SQL: SELECT * FROM `xq_cate` WHERE `pid` = 9 ORDER BY sort asc,id asc  [ RunTime:0.0005s ]
SQL: SELECT * FROM `xq_cate` WHERE `pid` = 10 ORDER BY sort asc,id asc  [ RunTime:0.0005s ]
SQL: SELECT * FROM `xq_cate` WHERE `pid` = 11 ORDER BY sort asc,id asc  [ RunTime:0.0008s ]
SQL: SELECT * FROM `xq_cate` WHERE `pid` = 12 ORDER BY sort asc,id asc  [ RunTime:0.0007s ]
SQL: SELECT * FROM `xq_cate` WHERE `pid` = 13 ORDER BY sort asc,id asc  [ RunTime:0.0013s ]
SQL: SELECT * FROM `xq_cate` WHERE `pid` = 14 ORDER BY sort asc,id asc  [ RunTime:0.0007s ]
SQL: SELECT * FROM `xq_cate` WHERE `pid` = 15 ORDER BY sort asc,id asc  [ RunTime:0.0003s ]
SQL: SELECT * FROM `xq_cate` WHERE `pid` = 16 ORDER BY sort asc,id asc  [ RunTime:0.0003s ]
SQL: SELECT * FROM `xq_cate` WHERE ( id < 1 ) ORDER BY id desc LIMIT 1   [ RunTime:0.0002s ]
SQL: SELECT * FROM `xq_cate` WHERE ( id >1 ) ORDER BY id asc LIMIT 1   [ RunTime:0.0002s ]
SQL: SELECT * FROM `xq_cate` WHERE `id` = 1 LIMIT 1   [ RunTime:0.0002s ]
INFO: [ view_parse ] --START--
INFO: [ template_filter ] --START--
INFO: Run Behavior\ContentReplaceBehavior [ RunTime:0.000403s ]
INFO: [ template_filter ] --END-- [ RunTime:0.000441s ]
INFO: Run Behavior\ParseTemplateBehavior [ RunTime:0.022136s ]
INFO: [ view_parse ] --END-- [ RunTime:0.022178s ]
INFO: [ view_filter ] --START--
INFO: Run Behavior\WriteHtmlCacheBehavior [ RunTime:0.000419s ]
INFO: Run Behavior\TokenBuildBehavior [ RunTime:0.001610s ]
INFO: [ view_filter ] --END-- [ RunTime:0.002080s ]
INFO: [ app_end ] --START--
INFO: Run Behavior\ShowPageTraceBehavior [ RunTime:0.001139s ]
INFO: [ app_end ] --END-- [ RunTime:0.001198s ]

[ 2018-02-01T16:50:59+08:00 ] 127.0.0.1 /Index/Static/Css/cover_manual_thinkphp5.jpg
INFO: [ app_init ] --START--
INFO: Run Behavior\BuildLiteBehavior [ RunTime:0.000012s ]
INFO: [ app_init ] --END-- [ RunTime:0.000550s ]

[ 2018-02-01T16:50:59+08:00 ] 127.0.0.1 /Index/Static/Css/32px.png
INFO: [ app_init ] --START--
INFO: Run Behavior\BuildLiteBehavior [ RunTime:0.000011s ]
INFO: [ app_init ] --END-- [ RunTime:0.000376s ]

[ 2018-02-01T16:51:07+08:00 ] 127.0.0.1 /index/index/index/id/23.html
INFO: [ app_init ] --START--
INFO: Run Behavior\BuildLiteBehavior [ RunTime:0.000012s ]
INFO: [ app_init ] --END-- [ RunTime:0.000507s ]
INFO: [ app_begin ] --START--
INFO: Run Behavior\ReadHtmlCacheBehavior [ RunTime:0.000666s ]
INFO: [ app_begin ] --END-- [ RunTime:0.000711s ]
SQL: SHOW COLUMNS FROM `xq_cate` [ RunTime:0.0108s ]
SQL: SELECT * FROM `xq_cate` WHERE `pid` = 0 ORDER BY sort asc,id asc  [ RunTime:0.0005s ]
SQL: SELECT * FROM `xq_cate` WHERE `pid` = 1 ORDER BY sort asc,id asc  [ RunTime:0.0004s ]
SQL: SELECT * FROM `xq_cate` WHERE `pid` = 2 ORDER BY sort asc,id asc  [ RunTime:0.0005s ]
SQL: SELECT * FROM `xq_cate` WHERE `pid` = 3 ORDER BY sort asc,id asc  [ RunTime:0.0007s ]
SQL: SELECT * FROM `xq_cate` WHERE `pid` = 6 ORDER BY sort asc,id asc  [ RunTime:0.0006s ]
SQL: SELECT * FROM `xq_cate` WHERE `pid` = 7 ORDER BY sort asc,id asc  [ RunTime:0.0004s ]
SQL: SELECT * FROM `xq_cate` WHERE `pid` = 8 ORDER BY sort asc,id asc  [ RunTime:0.0004s ]
SQL: SELECT * FROM `xq_cate` WHERE `pid` = 9 ORDER BY sort asc,id asc  [ RunTime:0.0006s ]
SQL: SELECT * FROM `xq_cate` WHERE `pid` = 10 ORDER BY sort asc,id asc  [ RunTime:0.0004s ]
SQL: SELECT * FROM `xq_cate` WHERE `pid` = 11 ORDER BY sort asc,id asc  [ RunTime:0.0011s ]
SQL: SELECT * FROM `xq_cate` WHERE `pid` = 12 ORDER BY sort asc,id asc  [ RunTime:0.0006s ]
SQL: SELECT * FROM `xq_cate` WHERE `pid` = 13 ORDER BY sort asc,id asc  [ RunTime:0.0015s ]
SQL: SELECT * FROM `xq_cate` WHERE `pid` = 14 ORDER BY sort asc,id asc  [ RunTime:0.0014s ]
SQL: SELECT * FROM `xq_cate` WHERE `pid` = 15 ORDER BY sort asc,id asc  [ RunTime:0.0004s ]
SQL: SELECT * FROM `xq_cate` WHERE `pid` = 16 ORDER BY sort asc,id asc  [ RunTime:0.0004s ]
SQL: SELECT * FROM `xq_cate` WHERE ( id < 23 ) ORDER BY id desc LIMIT 1   [ RunTime:0.0003s ]
SQL: SELECT * FROM `xq_cate` WHERE ( id >23 ) ORDER BY id asc LIMIT 1   [ RunTime:0.0003s ]
SQL: SELECT * FROM `xq_cate` WHERE `id` = 23 LIMIT 1   [ RunTime:0.0003s ]
INFO: [ view_parse ] --START--
INFO: [ template_filter ] --START--
INFO: Run Behavior\ContentReplaceBehavior [ RunTime:0.000073s ]
INFO: [ template_filter ] --END-- [ RunTime:0.000107s ]
INFO: Run Behavior\ParseTemplateBehavior [ RunTime:0.016533s ]
INFO: [ view_parse ] --END-- [ RunTime:0.016571s ]
INFO: [ view_filter ] --START--
INFO: Run Behavior\WriteHtmlCacheBehavior [ RunTime:0.000418s ]
INFO: Run Behavior\TokenBuildBehavior [ RunTime:0.001605s ]
INFO: [ view_filter ] --END-- [ RunTime:0.002074s ]
INFO: [ app_end ] --START--
INFO: Run Behavior\ShowPageTraceBehavior [ RunTime:0.000780s ]
INFO: [ app_end ] --END-- [ RunTime:0.000816s ]

[ 2018-02-01T16:51:08+08:00 ] 127.0.0.1 /Index/Static/Css/cover_manual_thinkphp5.jpg
INFO: [ app_init ] --START--
INFO: Run Behavior\BuildLiteBehavior [ RunTime:0.000012s ]
INFO: [ app_init ] --END-- [ RunTime:0.000592s ]

[ 2018-02-01T16:51:08+08:00 ] 127.0.0.1 /Index/Static/Css/32px.png
INFO: [ app_init ] --START--
INFO: Run Behavior\BuildLiteBehavior [ RunTime:0.000011s ]
INFO: [ app_init ] --END-- [ RunTime:0.000405s ]

